未在文法中使用終結語詞

    BREAK
    CONTINUE


狀態 2 衝突：8 項偏移/縮減
狀態 9 衝突：8 項偏移/縮減
狀態 12 衝突：8 項偏移/縮減，1 項縮減/縮減
狀態 16 衝突：1 項偏移/縮減
狀態 27 衝突：2 項縮減/縮減
狀態 52 衝突：9 項偏移/縮減
狀態 112 衝突：8 項偏移/縮減
狀態 162 衝突：8 項偏移/縮減
狀態 171 衝突：8 項偏移/縮減
狀態 175 衝突：8 項偏移/縮減
狀態 183 衝突：8 項偏移/縮減
狀態 186 衝突：9 項偏移/縮減


文法

    0 $accept: Program $end

    1 $@1: ε

    2 Program: $@1 GlobalStmtList

    3 GlobalStmtList: GlobalStmtList GlobalStmt
    4               | GlobalStmt

    5 GlobalStmt: DefineVariableStmt
    6           | FunctionDefStmt
    7           | CoutStmt
    8           | ReturnStmt
    9           | AssignStmt
   10           | CompoundStmt
   11           | SelectionStmt
   12           | IterationStmt
   13           | ε

   14 $@2: ε

   15 $@3: ε

   16 IterationStmt: WHILE $@2 '(' Expression ')' $@3 GlobalStmt

   17 $@4: ε

   18 IterationStmt: FOR $@4 '(' ExpressionStmt ExpressionStmt Expression ')' GlobalStmt

   19 ExpressionStmt: Expression ';'
   20               | DefineVariableStmt
   21               | ';'

   22 CompoundStmt: '{' GlobalStmtList '}'

   23 $@5: ε

   24 SelectionStmt: IF '(' Expression ')' $@5 GlobalStmt

   25 $@6: ε

   26 SelectionStmt: SelectionStmt ELSE $@6 GlobalStmt

   27 AssignStmt: AssignBody ';'

   28 $@7: ε

   29 AssignBody: IDENT $@7 Assign

   30 Assign: Assignable
   31       | VAL_ASSIGN Assign
   32       | ADD_ASSIGN Assign
   33       | SUB_ASSIGN Assign
   34       | MUL_ASSIGN Assign
   35       | DIV_ASSIGN Assign
   36       | REM_ASSIGN Assign
   37       | BAN_ASSIGN Assign
   38       | BOR_ASSIGN Assign
   39       | BXO_ASSIGN Assign
   40       | SHR_ASSIGN Assign
   41       | SHL_ASSIGN Assign

   42 Assignable: STR_LIT
   43           | Expression

   44 DefineVariableStmt: VARIABLE_T DeclaratorList ';'

   45 DeclaratorList: Declarator
   46               | DeclaratorList ',' Declarator

   47 Declarator: IDENT
   48           | IDENT VAL_ASSIGN Assignable

   49 ReturnStmt: RETURN Expression ';'

   50 $@8: ε

   51 CoutStmt: COUT $@8 SHL PrintableList ';'

   52 PrintableList: Printable
   53              | PrintableList SHL Printable

   54 Printable: STR_LIT
   55          | ENDL
   56          | Expression

   57 Expression: Or
   58           | AssignBody

   59 Or: And
   60   | Or LOR And

   61 And: BitwiseOr
   62    | And LAN BitwiseOr

   63 BitwiseOr: BitwiseXor
   64          | BitwiseOr BOR BitwiseXor

   65 BitwiseXor: BitwiseAnd
   66           | BitwiseXor BXO BitwiseAnd

   67 BitwiseAnd: Equality
   68           | BitwiseAnd BAN Equality

   69 Equality: Relational
   70         | Equality EQL Relational
   71         | Equality NEQ Relational

   72 Relational: Shift
   73           | Relational LES Shift
   74           | Relational GTR Shift
   75           | Relational LEQ Shift
   76           | Relational GEQ Shift

   77 Shift: Additive
   78      | Shift SHR Additive

   79 Additive: Multiplicative
   80         | Additive ADD Multiplicative
   81         | Additive SUB Multiplicative

   82 Multiplicative: TypeCast
   83               | Multiplicative MUL TypeCast
   84               | Multiplicative DIV TypeCast
   85               | Multiplicative REM TypeCast

   86 TypeCast: Unary
   87         | '(' VARIABLE_T ')' Unary

   88 Unary: BNT Unary
   89      | ADD Unary
   90      | SUB Unary
   91      | NOT Unary
   92      | Post

   93 Post: Primary
   94     | Primary INC_ASSIGN
   95     | Primary DEC_ASSIGN

   96 Primary: INT_LIT
   97        | FLOAT_LIT
   98        | '(' Expression ')'
   99        | BOOL_LIT
  100        | IDENT

  101 $@9: ε

  102 $@10: ε

  103 FunctionDefStmt: VARIABLE_T IDENT $@9 '(' $@10 FunctionParameterStmtList ')' '{' GlobalStmtList '}'

  104 FunctionParameterStmtList: FunctionParameterStmtList ',' FunctionParameterStmt
  105                          | FunctionParameterStmt
  106                          | ε

  107 $@11: ε

  108 FunctionParameterStmt: VARIABLE_T IDENT $@11

  109 $@12: ε

  110 FunctionParameterStmt: VARIABLE_T IDENT $@12 '[' ']'


終結語詞，附有它們出現處的規則

    $end (0) 0
    '(' <object_val> (40) 16 18 24 87 98 103
    ')' (41) 16 18 24 87 98 103
    ',' (44) 46 104
    ';' (59) 19 21 27 44 49 51
    '[' (91) 110
    ']' (93) 110
    '{' (123) 22 103
    '}' (125) 22 103
    error (256)
    COUT (258) 51
    SHR (259) 78
    SHL (260) 51 53
    BAN (261) 68
    BOR (262) 64
    BXO (263) 66
    MUL (264) 83
    DIV (265) 84
    REM (266) 85
    GTR (267) 74
    LES (268) 73
    GEQ (269) 76
    LEQ (270) 75
    EQL (271) 70
    NEQ (272) 71
    LAN (273) 62
    LOR (274) 60
    VAL_ASSIGN (275) 31 48
    ADD_ASSIGN (276) 32
    SUB_ASSIGN (277) 33
    MUL_ASSIGN (278) 34
    DIV_ASSIGN (279) 35
    REM_ASSIGN (280) 36
    BAN_ASSIGN (281) 37
    BOR_ASSIGN (282) 38
    BXO_ASSIGN (283) 39
    SHR_ASSIGN (284) 40
    SHL_ASSIGN (285) 41
    INC_ASSIGN (286) 94
    DEC_ASSIGN (287) 95
    IF (288) 24
    ELSE (289) 26
    FOR (290) 18
    WHILE (291) 16
    RETURN (292) 49
    BREAK (293)
    CONTINUE (294)
    ENDL (295) 55
    VARIABLE_T <var_type> (296) 44 87 103 108 110
    IDENT <s_val> (297) 29 47 48 100 103 108 110
    BOOL_LIT <b_var> (298) 99
    INT_LIT <i_var> (299) 96
    FLOAT_LIT <f_var> (300) 97
    STR_LIT <s_var> (301) 42 54
    SUB <object_val> (302) 81 90
    NOT <object_val> (303) 91
    BNT <object_val> (304) 88
    ADD <object_val> (305) 80 89


非終結語詞，附有它們出現處的規則

    $accept (59)
        於左側： 0
    Program (60)
        於左側： 2
        於右側： 0
    $@1 (61)
        於左側： 1
        於右側： 2
    GlobalStmtList (62)
        於左側： 3 4
        於右側： 2 3 22 103
    GlobalStmt (63)
        於左側： 5 6 7 8 9 10 11 12 13
        於右側： 3 4 16 18 24 26
    IterationStmt (64)
        於左側： 16 18
        於右側： 12
    $@2 (65)
        於左側： 14
        於右側： 16
    $@3 (66)
        於左側： 15
        於右側： 16
    $@4 (67)
        於左側： 17
        於右側： 18
    ExpressionStmt (68)
        於左側： 19 20 21
        於右側： 18
    CompoundStmt (69)
        於左側： 22
        於右側： 10
    SelectionStmt (70)
        於左側： 24 26
        於右側： 11 26
    $@5 (71)
        於左側： 23
        於右側： 24
    $@6 (72)
        於左側： 25
        於右側： 26
    AssignStmt (73)
        於左側： 27
        於右側： 9
    AssignBody <object_val> (74)
        於左側： 29
        於右側： 27 58
    $@7 (75)
        於左側： 28
        於右側： 29
    Assign (76)
        於左側： 30 31 32 33 34 35 36 37 38 39 40 41
        於右側： 29 31 32 33 34 35 36 37 38 39 40 41
    Assignable (77)
        於左側： 42 43
        於右側： 30 48
    DefineVariableStmt (78)
        於左側： 44
        於右側： 5 20
    DeclaratorList (79)
        於左側： 45 46
        於右側： 44 46
    Declarator (80)
        於左側： 47 48
        於右側： 45 46
    ReturnStmt (81)
        於左側： 49
        於右側： 8
    CoutStmt (82)
        於左側： 51
        於右側： 7
    $@8 (83)
        於左側： 50
        於右側： 51
    PrintableList <object_val> (84)
        於左側： 52 53
        於右側： 51 53
    Printable <object_val> (85)
        於左側： 54 55 56
        於右側： 52 53
    Expression <object_val> (86)
        於左側： 57 58
        於右側： 16 18 19 24 43 49 56 98
    Or <object_val> (87)
        於左側： 59 60
        於右側： 57 60
    And <object_val> (88)
        於左側： 61 62
        於右側： 59 60 62
    BitwiseOr <object_val> (89)
        於左側： 63 64
        於右側： 61 62 64
    BitwiseXor <object_val> (90)
        於左側： 65 66
        於右側： 63 64 66
    BitwiseAnd <object_val> (91)
        於左側： 67 68
        於右側： 65 66 68
    Equality <object_val> (92)
        於左側： 69 70 71
        於右側： 67 68 70 71
    Relational <object_val> (93)
        於左側： 72 73 74 75 76
        於右側： 69 70 71 73 74 75 76
    Shift <object_val> (94)
        於左側： 77 78
        於右側： 72 73 74 75 76 78
    Additive <object_val> (95)
        於左側： 79 80 81
        於右側： 77 78 80 81
    Multiplicative <object_val> (96)
        於左側： 82 83 84 85
        於右側： 79 80 81 83 84 85
    TypeCast <object_val> (97)
        於左側： 86 87
        於右側： 82 83 84 85
    Unary <object_val> (98)
        於左側： 88 89 90 91 92
        於右側： 86 87 88 89 90 91
    Post <object_val> (99)
        於左側： 93 94 95
        於右側： 92
    Primary <object_val> (100)
        於左側： 96 97 98 99 100
        於右側： 93 94 95
    FunctionDefStmt (101)
        於左側： 103
        於右側： 6
    $@9 (102)
        於左側： 101
        於右側： 103
    $@10 (103)
        於左側： 102
        於右側： 103
    FunctionParameterStmtList (104)
        於左側： 104 105 106
        於右側： 103 104
    FunctionParameterStmt (105)
        於左側： 108 110
        於右側： 104 105
    $@11 (106)
        於左側： 107
        於右側： 108
    $@12 (107)
        於左側： 109
        於右側： 110


狀態 0

    0 $accept: • Program $end

    $default  使用規則 1 以縮減 ($@1)

    Program  進入狀態 1
    $@1      進入狀態 2


狀態 1

    0 $accept: Program • $end

    $end  偏移，並進入狀態 3


狀態 2

    2 Program: $@1 • GlobalStmtList

    COUT        偏移，並進入狀態 4
    IF          偏移，並進入狀態 5
    FOR         偏移，並進入狀態 6
    WHILE       偏移，並進入狀態 7
    RETURN      偏移，並進入狀態 8
    '{'         偏移，並進入狀態 9
    VARIABLE_T  偏移，並進入狀態 10
    IDENT       偏移，並進入狀態 11

    COUT        [使用規則 13 以縮減 (GlobalStmt)]
    IF          [使用規則 13 以縮減 (GlobalStmt)]
    FOR         [使用規則 13 以縮減 (GlobalStmt)]
    WHILE       [使用規則 13 以縮減 (GlobalStmt)]
    RETURN      [使用規則 13 以縮減 (GlobalStmt)]
    '{'         [使用規則 13 以縮減 (GlobalStmt)]
    VARIABLE_T  [使用規則 13 以縮減 (GlobalStmt)]
    IDENT       [使用規則 13 以縮減 (GlobalStmt)]
    $default    使用規則 13 以縮減 (GlobalStmt)

    GlobalStmtList      進入狀態 12
    GlobalStmt          進入狀態 13
    IterationStmt       進入狀態 14
    CompoundStmt        進入狀態 15
    SelectionStmt       進入狀態 16
    AssignStmt          進入狀態 17
    AssignBody          進入狀態 18
    DefineVariableStmt  進入狀態 19
    ReturnStmt          進入狀態 20
    CoutStmt            進入狀態 21
    FunctionDefStmt     進入狀態 22


狀態 3

    0 $accept: Program $end •

    $default  接受


狀態 4

   51 CoutStmt: COUT • $@8 SHL PrintableList ';'

    $default  使用規則 50 以縮減 ($@8)

    $@8  進入狀態 23


狀態 5

   24 SelectionStmt: IF • '(' Expression ')' $@5 GlobalStmt

    '('  偏移，並進入狀態 24


狀態 6

   18 IterationStmt: FOR • $@4 '(' ExpressionStmt ExpressionStmt Expression ')' GlobalStmt

    $default  使用規則 17 以縮減 ($@4)

    $@4  進入狀態 25


狀態 7

   16 IterationStmt: WHILE • $@2 '(' Expression ')' $@3 GlobalStmt

    $default  使用規則 14 以縮減 ($@2)

    $@2  進入狀態 26


狀態 8

   49 ReturnStmt: RETURN • Expression ';'

    IDENT      偏移，並進入狀態 27
    BOOL_LIT   偏移，並進入狀態 28
    INT_LIT    偏移，並進入狀態 29
    FLOAT_LIT  偏移，並進入狀態 30
    '('        偏移，並進入狀態 31
    SUB        偏移，並進入狀態 32
    NOT        偏移，並進入狀態 33
    BNT        偏移，並進入狀態 34
    ADD        偏移，並進入狀態 35

    AssignBody      進入狀態 36
    Expression      進入狀態 37
    Or              進入狀態 38
    And             進入狀態 39
    BitwiseOr       進入狀態 40
    BitwiseXor      進入狀態 41
    BitwiseAnd      進入狀態 42
    Equality        進入狀態 43
    Relational      進入狀態 44
    Shift           進入狀態 45
    Additive        進入狀態 46
    Multiplicative  進入狀態 47
    TypeCast        進入狀態 48
    Unary           進入狀態 49
    Post            進入狀態 50
    Primary         進入狀態 51


狀態 9

   22 CompoundStmt: '{' • GlobalStmtList '}'

    COUT        偏移，並進入狀態 4
    IF          偏移，並進入狀態 5
    FOR         偏移，並進入狀態 6
    WHILE       偏移，並進入狀態 7
    RETURN      偏移，並進入狀態 8
    '{'         偏移，並進入狀態 9
    VARIABLE_T  偏移，並進入狀態 10
    IDENT       偏移，並進入狀態 11

    COUT        [使用規則 13 以縮減 (GlobalStmt)]
    IF          [使用規則 13 以縮減 (GlobalStmt)]
    FOR         [使用規則 13 以縮減 (GlobalStmt)]
    WHILE       [使用規則 13 以縮減 (GlobalStmt)]
    RETURN      [使用規則 13 以縮減 (GlobalStmt)]
    '{'         [使用規則 13 以縮減 (GlobalStmt)]
    VARIABLE_T  [使用規則 13 以縮減 (GlobalStmt)]
    IDENT       [使用規則 13 以縮減 (GlobalStmt)]
    $default    使用規則 13 以縮減 (GlobalStmt)

    GlobalStmtList      進入狀態 52
    GlobalStmt          進入狀態 13
    IterationStmt       進入狀態 14
    CompoundStmt        進入狀態 15
    SelectionStmt       進入狀態 16
    AssignStmt          進入狀態 17
    AssignBody          進入狀態 18
    DefineVariableStmt  進入狀態 19
    ReturnStmt          進入狀態 20
    CoutStmt            進入狀態 21
    FunctionDefStmt     進入狀態 22


狀態 10

   44 DefineVariableStmt: VARIABLE_T • DeclaratorList ';'
  103 FunctionDefStmt: VARIABLE_T • IDENT $@9 '(' $@10 FunctionParameterStmtList ')' '{' GlobalStmtList '}'

    IDENT  偏移，並進入狀態 53

    DeclaratorList  進入狀態 54
    Declarator      進入狀態 55


狀態 11

   29 AssignBody: IDENT • $@7 Assign

    $default  使用規則 28 以縮減 ($@7)

    $@7  進入狀態 56


狀態 12

    2 Program: $@1 GlobalStmtList •
    3 GlobalStmtList: GlobalStmtList • GlobalStmt

    COUT        偏移，並進入狀態 4
    IF          偏移，並進入狀態 5
    FOR         偏移，並進入狀態 6
    WHILE       偏移，並進入狀態 7
    RETURN      偏移，並進入狀態 8
    '{'         偏移，並進入狀態 9
    VARIABLE_T  偏移，並進入狀態 10
    IDENT       偏移，並進入狀態 11

    $end        使用規則 2 以縮減 (Program)
    $end        [使用規則 13 以縮減 (GlobalStmt)]
    COUT        [使用規則 13 以縮減 (GlobalStmt)]
    IF          [使用規則 13 以縮減 (GlobalStmt)]
    FOR         [使用規則 13 以縮減 (GlobalStmt)]
    WHILE       [使用規則 13 以縮減 (GlobalStmt)]
    RETURN      [使用規則 13 以縮減 (GlobalStmt)]
    '{'         [使用規則 13 以縮減 (GlobalStmt)]
    VARIABLE_T  [使用規則 13 以縮減 (GlobalStmt)]
    IDENT       [使用規則 13 以縮減 (GlobalStmt)]
    $default    使用規則 2 以縮減 (Program)

    GlobalStmt          進入狀態 57
    IterationStmt       進入狀態 14
    CompoundStmt        進入狀態 15
    SelectionStmt       進入狀態 16
    AssignStmt          進入狀態 17
    AssignBody          進入狀態 18
    DefineVariableStmt  進入狀態 19
    ReturnStmt          進入狀態 20
    CoutStmt            進入狀態 21
    FunctionDefStmt     進入狀態 22


狀態 13

    4 GlobalStmtList: GlobalStmt •

    $default  使用規則 4 以縮減 (GlobalStmtList)


狀態 14

   12 GlobalStmt: IterationStmt •

    $default  使用規則 12 以縮減 (GlobalStmt)


狀態 15

   10 GlobalStmt: CompoundStmt •

    $default  使用規則 10 以縮減 (GlobalStmt)


狀態 16

   11 GlobalStmt: SelectionStmt •
   26 SelectionStmt: SelectionStmt • ELSE $@6 GlobalStmt

    ELSE  偏移，並進入狀態 58

    ELSE      [使用規則 11 以縮減 (GlobalStmt)]
    $default  使用規則 11 以縮減 (GlobalStmt)


狀態 17

    9 GlobalStmt: AssignStmt •

    $default  使用規則 9 以縮減 (GlobalStmt)


狀態 18

   27 AssignStmt: AssignBody • ';'

    ';'  偏移，並進入狀態 59


狀態 19

    5 GlobalStmt: DefineVariableStmt •

    $default  使用規則 5 以縮減 (GlobalStmt)


狀態 20

    8 GlobalStmt: ReturnStmt •

    $default  使用規則 8 以縮減 (GlobalStmt)


狀態 21

    7 GlobalStmt: CoutStmt •

    $default  使用規則 7 以縮減 (GlobalStmt)


狀態 22

    6 GlobalStmt: FunctionDefStmt •

    $default  使用規則 6 以縮減 (GlobalStmt)


狀態 23

   51 CoutStmt: COUT $@8 • SHL PrintableList ';'

    SHL  偏移，並進入狀態 60


狀態 24

   24 SelectionStmt: IF '(' • Expression ')' $@5 GlobalStmt

    IDENT      偏移，並進入狀態 27
    BOOL_LIT   偏移，並進入狀態 28
    INT_LIT    偏移，並進入狀態 29
    FLOAT_LIT  偏移，並進入狀態 30
    '('        偏移，並進入狀態 31
    SUB        偏移，並進入狀態 32
    NOT        偏移，並進入狀態 33
    BNT        偏移，並進入狀態 34
    ADD        偏移，並進入狀態 35

    AssignBody      進入狀態 36
    Expression      進入狀態 61
    Or              進入狀態 38
    And             進入狀態 39
    BitwiseOr       進入狀態 40
    BitwiseXor      進入狀態 41
    BitwiseAnd      進入狀態 42
    Equality        進入狀態 43
    Relational      進入狀態 44
    Shift           進入狀態 45
    Additive        進入狀態 46
    Multiplicative  進入狀態 47
    TypeCast        進入狀態 48
    Unary           進入狀態 49
    Post            進入狀態 50
    Primary         進入狀態 51


狀態 25

   18 IterationStmt: FOR $@4 • '(' ExpressionStmt ExpressionStmt Expression ')' GlobalStmt

    '('  偏移，並進入狀態 62


狀態 26

   16 IterationStmt: WHILE $@2 • '(' Expression ')' $@3 GlobalStmt

    '('  偏移，並進入狀態 63


狀態 27

   29 AssignBody: IDENT • $@7 Assign
  100 Primary: IDENT •

    SHR         使用規則 100 以縮減 (Primary)
    SHL         使用規則 100 以縮減 (Primary)
    BAN         使用規則 100 以縮減 (Primary)
    BOR         使用規則 100 以縮減 (Primary)
    BXO         使用規則 100 以縮減 (Primary)
    MUL         使用規則 100 以縮減 (Primary)
    DIV         使用規則 100 以縮減 (Primary)
    REM         使用規則 100 以縮減 (Primary)
    GTR         使用規則 100 以縮減 (Primary)
    LES         使用規則 100 以縮減 (Primary)
    GEQ         使用規則 100 以縮減 (Primary)
    LEQ         使用規則 100 以縮減 (Primary)
    EQL         使用規則 100 以縮減 (Primary)
    NEQ         使用規則 100 以縮減 (Primary)
    LAN         使用規則 100 以縮減 (Primary)
    LOR         使用規則 100 以縮減 (Primary)
    INC_ASSIGN  使用規則 100 以縮減 (Primary)
    DEC_ASSIGN  使用規則 100 以縮減 (Primary)
    ')'         使用規則 100 以縮減 (Primary)
    ';'         使用規則 100 以縮減 (Primary)
    SUB         使用規則 28 以縮減 ($@7)
    SUB         [使用規則 100 以縮減 (Primary)]
    ADD         使用規則 28 以縮減 ($@7)
    ADD         [使用規則 100 以縮減 (Primary)]
    ','         使用規則 100 以縮減 (Primary)
    $default    使用規則 28 以縮減 ($@7)

    $@7  進入狀態 56


狀態 28

   99 Primary: BOOL_LIT •

    $default  使用規則 99 以縮減 (Primary)


狀態 29

   96 Primary: INT_LIT •

    $default  使用規則 96 以縮減 (Primary)


狀態 30

   97 Primary: FLOAT_LIT •

    $default  使用規則 97 以縮減 (Primary)


狀態 31

   87 TypeCast: '(' • VARIABLE_T ')' Unary
   98 Primary: '(' • Expression ')'

    VARIABLE_T  偏移，並進入狀態 64
    IDENT       偏移，並進入狀態 27
    BOOL_LIT    偏移，並進入狀態 28
    INT_LIT     偏移，並進入狀態 29
    FLOAT_LIT   偏移，並進入狀態 30
    '('         偏移，並進入狀態 31
    SUB         偏移，並進入狀態 32
    NOT         偏移，並進入狀態 33
    BNT         偏移，並進入狀態 34
    ADD         偏移，並進入狀態 35

    AssignBody      進入狀態 36
    Expression      進入狀態 65
    Or              進入狀態 38
    And             進入狀態 39
    BitwiseOr       進入狀態 40
    BitwiseXor      進入狀態 41
    BitwiseAnd      進入狀態 42
    Equality        進入狀態 43
    Relational      進入狀態 44
    Shift           進入狀態 45
    Additive        進入狀態 46
    Multiplicative  進入狀態 47
    TypeCast        進入狀態 48
    Unary           進入狀態 49
    Post            進入狀態 50
    Primary         進入狀態 51


狀態 32

   90 Unary: SUB • Unary

    IDENT      偏移，並進入狀態 66
    BOOL_LIT   偏移，並進入狀態 28
    INT_LIT    偏移，並進入狀態 29
    FLOAT_LIT  偏移，並進入狀態 30
    '('        偏移，並進入狀態 67
    SUB        偏移，並進入狀態 32
    NOT        偏移，並進入狀態 33
    BNT        偏移，並進入狀態 34
    ADD        偏移，並進入狀態 35

    Unary    進入狀態 68
    Post     進入狀態 50
    Primary  進入狀態 51


狀態 33

   91 Unary: NOT • Unary

    IDENT      偏移，並進入狀態 66
    BOOL_LIT   偏移，並進入狀態 28
    INT_LIT    偏移，並進入狀態 29
    FLOAT_LIT  偏移，並進入狀態 30
    '('        偏移，並進入狀態 67
    SUB        偏移，並進入狀態 32
    NOT        偏移，並進入狀態 33
    BNT        偏移，並進入狀態 34
    ADD        偏移，並進入狀態 35

    Unary    進入狀態 69
    Post     進入狀態 50
    Primary  進入狀態 51


狀態 34

   88 Unary: BNT • Unary

    IDENT      偏移，並進入狀態 66
    BOOL_LIT   偏移，並進入狀態 28
    INT_LIT    偏移，並進入狀態 29
    FLOAT_LIT  偏移，並進入狀態 30
    '('        偏移，並進入狀態 67
    SUB        偏移，並進入狀態 32
    NOT        偏移，並進入狀態 33
    BNT        偏移，並進入狀態 34
    ADD        偏移，並進入狀態 35

    Unary    進入狀態 70
    Post     進入狀態 50
    Primary  進入狀態 51


狀態 35

   89 Unary: ADD • Unary

    IDENT      偏移，並進入狀態 66
    BOOL_LIT   偏移，並進入狀態 28
    INT_LIT    偏移，並進入狀態 29
    FLOAT_LIT  偏移，並進入狀態 30
    '('        偏移，並進入狀態 67
    SUB        偏移，並進入狀態 32
    NOT        偏移，並進入狀態 33
    BNT        偏移，並進入狀態 34
    ADD        偏移，並進入狀態 35

    Unary    進入狀態 71
    Post     進入狀態 50
    Primary  進入狀態 51


狀態 36

   58 Expression: AssignBody •

    $default  使用規則 58 以縮減 (Expression)


狀態 37

   49 ReturnStmt: RETURN Expression • ';'

    ';'  偏移，並進入狀態 72


狀態 38

   57 Expression: Or •
   60 Or: Or • LOR And

    LOR  偏移，並進入狀態 73

    $default  使用規則 57 以縮減 (Expression)


狀態 39

   59 Or: And •
   62 And: And • LAN BitwiseOr

    LAN  偏移，並進入狀態 74

    $default  使用規則 59 以縮減 (Or)


狀態 40

   61 And: BitwiseOr •
   64 BitwiseOr: BitwiseOr • BOR BitwiseXor

    BOR  偏移，並進入狀態 75

    $default  使用規則 61 以縮減 (And)


狀態 41

   63 BitwiseOr: BitwiseXor •
   66 BitwiseXor: BitwiseXor • BXO BitwiseAnd

    BXO  偏移，並進入狀態 76

    $default  使用規則 63 以縮減 (BitwiseOr)


狀態 42

   65 BitwiseXor: BitwiseAnd •
   68 BitwiseAnd: BitwiseAnd • BAN Equality

    BAN  偏移，並進入狀態 77

    $default  使用規則 65 以縮減 (BitwiseXor)


狀態 43

   67 BitwiseAnd: Equality •
   70 Equality: Equality • EQL Relational
   71         | Equality • NEQ Relational

    EQL  偏移，並進入狀態 78
    NEQ  偏移，並進入狀態 79

    $default  使用規則 67 以縮減 (BitwiseAnd)


狀態 44

   69 Equality: Relational •
   73 Relational: Relational • LES Shift
   74           | Relational • GTR Shift
   75           | Relational • LEQ Shift
   76           | Relational • GEQ Shift

    GTR  偏移，並進入狀態 80
    LES  偏移，並進入狀態 81
    GEQ  偏移，並進入狀態 82
    LEQ  偏移，並進入狀態 83

    $default  使用規則 69 以縮減 (Equality)


狀態 45

   72 Relational: Shift •
   78 Shift: Shift • SHR Additive

    SHR  偏移，並進入狀態 84

    $default  使用規則 72 以縮減 (Relational)


狀態 46

   77 Shift: Additive •
   80 Additive: Additive • ADD Multiplicative
   81         | Additive • SUB Multiplicative

    SUB  偏移，並進入狀態 85
    ADD  偏移，並進入狀態 86

    $default  使用規則 77 以縮減 (Shift)


狀態 47

   79 Additive: Multiplicative •
   83 Multiplicative: Multiplicative • MUL TypeCast
   84               | Multiplicative • DIV TypeCast
   85               | Multiplicative • REM TypeCast

    MUL  偏移，並進入狀態 87
    DIV  偏移，並進入狀態 88
    REM  偏移，並進入狀態 89

    $default  使用規則 79 以縮減 (Additive)


狀態 48

   82 Multiplicative: TypeCast •

    $default  使用規則 82 以縮減 (Multiplicative)


狀態 49

   86 TypeCast: Unary •

    $default  使用規則 86 以縮減 (TypeCast)


狀態 50

   92 Unary: Post •

    $default  使用規則 92 以縮減 (Unary)


狀態 51

   93 Post: Primary •
   94     | Primary • INC_ASSIGN
   95     | Primary • DEC_ASSIGN

    INC_ASSIGN  偏移，並進入狀態 90
    DEC_ASSIGN  偏移，並進入狀態 91

    $default  使用規則 93 以縮減 (Post)


狀態 52

    3 GlobalStmtList: GlobalStmtList • GlobalStmt
   22 CompoundStmt: '{' GlobalStmtList • '}'

    COUT        偏移，並進入狀態 4
    IF          偏移，並進入狀態 5
    FOR         偏移，並進入狀態 6
    WHILE       偏移，並進入狀態 7
    RETURN      偏移，並進入狀態 8
    '{'         偏移，並進入狀態 9
    '}'         偏移，並進入狀態 92
    VARIABLE_T  偏移，並進入狀態 10
    IDENT       偏移，並進入狀態 11

    COUT        [使用規則 13 以縮減 (GlobalStmt)]
    IF          [使用規則 13 以縮減 (GlobalStmt)]
    FOR         [使用規則 13 以縮減 (GlobalStmt)]
    WHILE       [使用規則 13 以縮減 (GlobalStmt)]
    RETURN      [使用規則 13 以縮減 (GlobalStmt)]
    '{'         [使用規則 13 以縮減 (GlobalStmt)]
    '}'         [使用規則 13 以縮減 (GlobalStmt)]
    VARIABLE_T  [使用規則 13 以縮減 (GlobalStmt)]
    IDENT       [使用規則 13 以縮減 (GlobalStmt)]

    GlobalStmt          進入狀態 57
    IterationStmt       進入狀態 14
    CompoundStmt        進入狀態 15
    SelectionStmt       進入狀態 16
    AssignStmt          進入狀態 17
    AssignBody          進入狀態 18
    DefineVariableStmt  進入狀態 19
    ReturnStmt          進入狀態 20
    CoutStmt            進入狀態 21
    FunctionDefStmt     進入狀態 22


狀態 53

   47 Declarator: IDENT •
   48           | IDENT • VAL_ASSIGN Assignable
  103 FunctionDefStmt: VARIABLE_T IDENT • $@9 '(' $@10 FunctionParameterStmtList ')' '{' GlobalStmtList '}'

    VAL_ASSIGN  偏移，並進入狀態 93

    '('       使用規則 101 以縮減 ($@9)
    $default  使用規則 47 以縮減 (Declarator)

    $@9  進入狀態 94


狀態 54

   44 DefineVariableStmt: VARIABLE_T DeclaratorList • ';'
   46 DeclaratorList: DeclaratorList • ',' Declarator

    ';'  偏移，並進入狀態 95
    ','  偏移，並進入狀態 96


狀態 55

   45 DeclaratorList: Declarator •

    $default  使用規則 45 以縮減 (DeclaratorList)


狀態 56

   29 AssignBody: IDENT $@7 • Assign

    VAL_ASSIGN  偏移，並進入狀態 97
    ADD_ASSIGN  偏移，並進入狀態 98
    SUB_ASSIGN  偏移，並進入狀態 99
    MUL_ASSIGN  偏移，並進入狀態 100
    DIV_ASSIGN  偏移，並進入狀態 101
    REM_ASSIGN  偏移，並進入狀態 102
    BAN_ASSIGN  偏移，並進入狀態 103
    BOR_ASSIGN  偏移，並進入狀態 104
    BXO_ASSIGN  偏移，並進入狀態 105
    SHR_ASSIGN  偏移，並進入狀態 106
    SHL_ASSIGN  偏移，並進入狀態 107
    IDENT       偏移，並進入狀態 27
    BOOL_LIT    偏移，並進入狀態 28
    INT_LIT     偏移，並進入狀態 29
    FLOAT_LIT   偏移，並進入狀態 30
    STR_LIT     偏移，並進入狀態 108
    '('         偏移，並進入狀態 31
    SUB         偏移，並進入狀態 32
    NOT         偏移，並進入狀態 33
    BNT         偏移，並進入狀態 34
    ADD         偏移，並進入狀態 35

    AssignBody      進入狀態 36
    Assign          進入狀態 109
    Assignable      進入狀態 110
    Expression      進入狀態 111
    Or              進入狀態 38
    And             進入狀態 39
    BitwiseOr       進入狀態 40
    BitwiseXor      進入狀態 41
    BitwiseAnd      進入狀態 42
    Equality        進入狀態 43
    Relational      進入狀態 44
    Shift           進入狀態 45
    Additive        進入狀態 46
    Multiplicative  進入狀態 47
    TypeCast        進入狀態 48
    Unary           進入狀態 49
    Post            進入狀態 50
    Primary         進入狀態 51


狀態 57

    3 GlobalStmtList: GlobalStmtList GlobalStmt •

    $default  使用規則 3 以縮減 (GlobalStmtList)


狀態 58

   26 SelectionStmt: SelectionStmt ELSE • $@6 GlobalStmt

    $default  使用規則 25 以縮減 ($@6)

    $@6  進入狀態 112


狀態 59

   27 AssignStmt: AssignBody ';' •

    $default  使用規則 27 以縮減 (AssignStmt)


狀態 60

   51 CoutStmt: COUT $@8 SHL • PrintableList ';'

    ENDL       偏移，並進入狀態 113
    IDENT      偏移，並進入狀態 27
    BOOL_LIT   偏移，並進入狀態 28
    INT_LIT    偏移，並進入狀態 29
    FLOAT_LIT  偏移，並進入狀態 30
    STR_LIT    偏移，並進入狀態 114
    '('        偏移，並進入狀態 31
    SUB        偏移，並進入狀態 32
    NOT        偏移，並進入狀態 33
    BNT        偏移，並進入狀態 34
    ADD        偏移，並進入狀態 35

    AssignBody      進入狀態 36
    PrintableList   進入狀態 115
    Printable       進入狀態 116
    Expression      進入狀態 117
    Or              進入狀態 38
    And             進入狀態 39
    BitwiseOr       進入狀態 40
    BitwiseXor      進入狀態 41
    BitwiseAnd      進入狀態 42
    Equality        進入狀態 43
    Relational      進入狀態 44
    Shift           進入狀態 45
    Additive        進入狀態 46
    Multiplicative  進入狀態 47
    TypeCast        進入狀態 48
    Unary           進入狀態 49
    Post            進入狀態 50
    Primary         進入狀態 51


狀態 61

   24 SelectionStmt: IF '(' Expression • ')' $@5 GlobalStmt

    ')'  偏移，並進入狀態 118


狀態 62

   18 IterationStmt: FOR $@4 '(' • ExpressionStmt ExpressionStmt Expression ')' GlobalStmt

    ';'         偏移，並進入狀態 119
    VARIABLE_T  偏移，並進入狀態 120
    IDENT       偏移，並進入狀態 27
    BOOL_LIT    偏移，並進入狀態 28
    INT_LIT     偏移，並進入狀態 29
    FLOAT_LIT   偏移，並進入狀態 30
    '('         偏移，並進入狀態 31
    SUB         偏移，並進入狀態 32
    NOT         偏移，並進入狀態 33
    BNT         偏移，並進入狀態 34
    ADD         偏移，並進入狀態 35

    ExpressionStmt      進入狀態 121
    AssignBody          進入狀態 36
    DefineVariableStmt  進入狀態 122
    Expression          進入狀態 123
    Or                  進入狀態 38
    And                 進入狀態 39
    BitwiseOr           進入狀態 40
    BitwiseXor          進入狀態 41
    BitwiseAnd          進入狀態 42
    Equality            進入狀態 43
    Relational          進入狀態 44
    Shift               進入狀態 45
    Additive            進入狀態 46
    Multiplicative      進入狀態 47
    TypeCast            進入狀態 48
    Unary               進入狀態 49
    Post                進入狀態 50
    Primary             進入狀態 51


狀態 63

   16 IterationStmt: WHILE $@2 '(' • Expression ')' $@3 GlobalStmt

    IDENT      偏移，並進入狀態 27
    BOOL_LIT   偏移，並進入狀態 28
    INT_LIT    偏移，並進入狀態 29
    FLOAT_LIT  偏移，並進入狀態 30
    '('        偏移，並進入狀態 31
    SUB        偏移，並進入狀態 32
    NOT        偏移，並進入狀態 33
    BNT        偏移，並進入狀態 34
    ADD        偏移，並進入狀態 35

    AssignBody      進入狀態 36
    Expression      進入狀態 124
    Or              進入狀態 38
    And             進入狀態 39
    BitwiseOr       進入狀態 40
    BitwiseXor      進入狀態 41
    BitwiseAnd      進入狀態 42
    Equality        進入狀態 43
    Relational      進入狀態 44
    Shift           進入狀態 45
    Additive        進入狀態 46
    Multiplicative  進入狀態 47
    TypeCast        進入狀態 48
    Unary           進入狀態 49
    Post            進入狀態 50
    Primary         進入狀態 51


狀態 64

   87 TypeCast: '(' VARIABLE_T • ')' Unary

    ')'  偏移，並進入狀態 125


狀態 65

   98 Primary: '(' Expression • ')'

    ')'  偏移，並進入狀態 126


狀態 66

  100 Primary: IDENT •

    $default  使用規則 100 以縮減 (Primary)


狀態 67

   98 Primary: '(' • Expression ')'

    IDENT      偏移，並進入狀態 27
    BOOL_LIT   偏移，並進入狀態 28
    INT_LIT    偏移，並進入狀態 29
    FLOAT_LIT  偏移，並進入狀態 30
    '('        偏移，並進入狀態 31
    SUB        偏移，並進入狀態 32
    NOT        偏移，並進入狀態 33
    BNT        偏移，並進入狀態 34
    ADD        偏移，並進入狀態 35

    AssignBody      進入狀態 36
    Expression      進入狀態 65
    Or              進入狀態 38
    And             進入狀態 39
    BitwiseOr       進入狀態 40
    BitwiseXor      進入狀態 41
    BitwiseAnd      進入狀態 42
    Equality        進入狀態 43
    Relational      進入狀態 44
    Shift           進入狀態 45
    Additive        進入狀態 46
    Multiplicative  進入狀態 47
    TypeCast        進入狀態 48
    Unary           進入狀態 49
    Post            進入狀態 50
    Primary         進入狀態 51


狀態 68

   90 Unary: SUB Unary •

    $default  使用規則 90 以縮減 (Unary)


狀態 69

   91 Unary: NOT Unary •

    $default  使用規則 91 以縮減 (Unary)


狀態 70

   88 Unary: BNT Unary •

    $default  使用規則 88 以縮減 (Unary)


狀態 71

   89 Unary: ADD Unary •

    $default  使用規則 89 以縮減 (Unary)


狀態 72

   49 ReturnStmt: RETURN Expression ';' •

    $default  使用規則 49 以縮減 (ReturnStmt)


狀態 73

   60 Or: Or LOR • And

    IDENT      偏移，並進入狀態 66
    BOOL_LIT   偏移，並進入狀態 28
    INT_LIT    偏移，並進入狀態 29
    FLOAT_LIT  偏移，並進入狀態 30
    '('        偏移，並進入狀態 31
    SUB        偏移，並進入狀態 32
    NOT        偏移，並進入狀態 33
    BNT        偏移，並進入狀態 34
    ADD        偏移，並進入狀態 35

    And             進入狀態 127
    BitwiseOr       進入狀態 40
    BitwiseXor      進入狀態 41
    BitwiseAnd      進入狀態 42
    Equality        進入狀態 43
    Relational      進入狀態 44
    Shift           進入狀態 45
    Additive        進入狀態 46
    Multiplicative  進入狀態 47
    TypeCast        進入狀態 48
    Unary           進入狀態 49
    Post            進入狀態 50
    Primary         進入狀態 51


狀態 74

   62 And: And LAN • BitwiseOr

    IDENT      偏移，並進入狀態 66
    BOOL_LIT   偏移，並進入狀態 28
    INT_LIT    偏移，並進入狀態 29
    FLOAT_LIT  偏移，並進入狀態 30
    '('        偏移，並進入狀態 31
    SUB        偏移，並進入狀態 32
    NOT        偏移，並進入狀態 33
    BNT        偏移，並進入狀態 34
    ADD        偏移，並進入狀態 35

    BitwiseOr       進入狀態 128
    BitwiseXor      進入狀態 41
    BitwiseAnd      進入狀態 42
    Equality        進入狀態 43
    Relational      進入狀態 44
    Shift           進入狀態 45
    Additive        進入狀態 46
    Multiplicative  進入狀態 47
    TypeCast        進入狀態 48
    Unary           進入狀態 49
    Post            進入狀態 50
    Primary         進入狀態 51


狀態 75

   64 BitwiseOr: BitwiseOr BOR • BitwiseXor

    IDENT      偏移，並進入狀態 66
    BOOL_LIT   偏移，並進入狀態 28
    INT_LIT    偏移，並進入狀態 29
    FLOAT_LIT  偏移，並進入狀態 30
    '('        偏移，並進入狀態 31
    SUB        偏移，並進入狀態 32
    NOT        偏移，並進入狀態 33
    BNT        偏移，並進入狀態 34
    ADD        偏移，並進入狀態 35

    BitwiseXor      進入狀態 129
    BitwiseAnd      進入狀態 42
    Equality        進入狀態 43
    Relational      進入狀態 44
    Shift           進入狀態 45
    Additive        進入狀態 46
    Multiplicative  進入狀態 47
    TypeCast        進入狀態 48
    Unary           進入狀態 49
    Post            進入狀態 50
    Primary         進入狀態 51


狀態 76

   66 BitwiseXor: BitwiseXor BXO • BitwiseAnd

    IDENT      偏移，並進入狀態 66
    BOOL_LIT   偏移，並進入狀態 28
    INT_LIT    偏移，並進入狀態 29
    FLOAT_LIT  偏移，並進入狀態 30
    '('        偏移，並進入狀態 31
    SUB        偏移，並進入狀態 32
    NOT        偏移，並進入狀態 33
    BNT        偏移，並進入狀態 34
    ADD        偏移，並進入狀態 35

    BitwiseAnd      進入狀態 130
    Equality        進入狀態 43
    Relational      進入狀態 44
    Shift           進入狀態 45
    Additive        進入狀態 46
    Multiplicative  進入狀態 47
    TypeCast        進入狀態 48
    Unary           進入狀態 49
    Post            進入狀態 50
    Primary         進入狀態 51


狀態 77

   68 BitwiseAnd: BitwiseAnd BAN • Equality

    IDENT      偏移，並進入狀態 66
    BOOL_LIT   偏移，並進入狀態 28
    INT_LIT    偏移，並進入狀態 29
    FLOAT_LIT  偏移，並進入狀態 30
    '('        偏移，並進入狀態 31
    SUB        偏移，並進入狀態 32
    NOT        偏移，並進入狀態 33
    BNT        偏移，並進入狀態 34
    ADD        偏移，並進入狀態 35

    Equality        進入狀態 131
    Relational      進入狀態 44
    Shift           進入狀態 45
    Additive        進入狀態 46
    Multiplicative  進入狀態 47
    TypeCast        進入狀態 48
    Unary           進入狀態 49
    Post            進入狀態 50
    Primary         進入狀態 51


狀態 78

   70 Equality: Equality EQL • Relational

    IDENT      偏移，並進入狀態 66
    BOOL_LIT   偏移，並進入狀態 28
    INT_LIT    偏移，並進入狀態 29
    FLOAT_LIT  偏移，並進入狀態 30
    '('        偏移，並進入狀態 31
    SUB        偏移，並進入狀態 32
    NOT        偏移，並進入狀態 33
    BNT        偏移，並進入狀態 34
    ADD        偏移，並進入狀態 35

    Relational      進入狀態 132
    Shift           進入狀態 45
    Additive        進入狀態 46
    Multiplicative  進入狀態 47
    TypeCast        進入狀態 48
    Unary           進入狀態 49
    Post            進入狀態 50
    Primary         進入狀態 51


狀態 79

   71 Equality: Equality NEQ • Relational

    IDENT      偏移，並進入狀態 66
    BOOL_LIT   偏移，並進入狀態 28
    INT_LIT    偏移，並進入狀態 29
    FLOAT_LIT  偏移，並進入狀態 30
    '('        偏移，並進入狀態 31
    SUB        偏移，並進入狀態 32
    NOT        偏移，並進入狀態 33
    BNT        偏移，並進入狀態 34
    ADD        偏移，並進入狀態 35

    Relational      進入狀態 133
    Shift           進入狀態 45
    Additive        進入狀態 46
    Multiplicative  進入狀態 47
    TypeCast        進入狀態 48
    Unary           進入狀態 49
    Post            進入狀態 50
    Primary         進入狀態 51


狀態 80

   74 Relational: Relational GTR • Shift

    IDENT      偏移，並進入狀態 66
    BOOL_LIT   偏移，並進入狀態 28
    INT_LIT    偏移，並進入狀態 29
    FLOAT_LIT  偏移，並進入狀態 30
    '('        偏移，並進入狀態 31
    SUB        偏移，並進入狀態 32
    NOT        偏移，並進入狀態 33
    BNT        偏移，並進入狀態 34
    ADD        偏移，並進入狀態 35

    Shift           進入狀態 134
    Additive        進入狀態 46
    Multiplicative  進入狀態 47
    TypeCast        進入狀態 48
    Unary           進入狀態 49
    Post            進入狀態 50
    Primary         進入狀態 51


狀態 81

   73 Relational: Relational LES • Shift

    IDENT      偏移，並進入狀態 66
    BOOL_LIT   偏移，並進入狀態 28
    INT_LIT    偏移，並進入狀態 29
    FLOAT_LIT  偏移，並進入狀態 30
    '('        偏移，並進入狀態 31
    SUB        偏移，並進入狀態 32
    NOT        偏移，並進入狀態 33
    BNT        偏移，並進入狀態 34
    ADD        偏移，並進入狀態 35

    Shift           進入狀態 135
    Additive        進入狀態 46
    Multiplicative  進入狀態 47
    TypeCast        進入狀態 48
    Unary           進入狀態 49
    Post            進入狀態 50
    Primary         進入狀態 51


狀態 82

   76 Relational: Relational GEQ • Shift

    IDENT      偏移，並進入狀態 66
    BOOL_LIT   偏移，並進入狀態 28
    INT_LIT    偏移，並進入狀態 29
    FLOAT_LIT  偏移，並進入狀態 30
    '('        偏移，並進入狀態 31
    SUB        偏移，並進入狀態 32
    NOT        偏移，並進入狀態 33
    BNT        偏移，並進入狀態 34
    ADD        偏移，並進入狀態 35

    Shift           進入狀態 136
    Additive        進入狀態 46
    Multiplicative  進入狀態 47
    TypeCast        進入狀態 48
    Unary           進入狀態 49
    Post            進入狀態 50
    Primary         進入狀態 51


狀態 83

   75 Relational: Relational LEQ • Shift

    IDENT      偏移，並進入狀態 66
    BOOL_LIT   偏移，並進入狀態 28
    INT_LIT    偏移，並進入狀態 29
    FLOAT_LIT  偏移，並進入狀態 30
    '('        偏移，並進入狀態 31
    SUB        偏移，並進入狀態 32
    NOT        偏移，並進入狀態 33
    BNT        偏移，並進入狀態 34
    ADD        偏移，並進入狀態 35

    Shift           進入狀態 137
    Additive        進入狀態 46
    Multiplicative  進入狀態 47
    TypeCast        進入狀態 48
    Unary           進入狀態 49
    Post            進入狀態 50
    Primary         進入狀態 51


狀態 84

   78 Shift: Shift SHR • Additive

    IDENT      偏移，並進入狀態 66
    BOOL_LIT   偏移，並進入狀態 28
    INT_LIT    偏移，並進入狀態 29
    FLOAT_LIT  偏移，並進入狀態 30
    '('        偏移，並進入狀態 31
    SUB        偏移，並進入狀態 32
    NOT        偏移，並進入狀態 33
    BNT        偏移，並進入狀態 34
    ADD        偏移，並進入狀態 35

    Additive        進入狀態 138
    Multiplicative  進入狀態 47
    TypeCast        進入狀態 48
    Unary           進入狀態 49
    Post            進入狀態 50
    Primary         進入狀態 51


狀態 85

   81 Additive: Additive SUB • Multiplicative

    IDENT      偏移，並進入狀態 66
    BOOL_LIT   偏移，並進入狀態 28
    INT_LIT    偏移，並進入狀態 29
    FLOAT_LIT  偏移，並進入狀態 30
    '('        偏移，並進入狀態 31
    SUB        偏移，並進入狀態 32
    NOT        偏移，並進入狀態 33
    BNT        偏移，並進入狀態 34
    ADD        偏移，並進入狀態 35

    Multiplicative  進入狀態 139
    TypeCast        進入狀態 48
    Unary           進入狀態 49
    Post            進入狀態 50
    Primary         進入狀態 51


狀態 86

   80 Additive: Additive ADD • Multiplicative

    IDENT      偏移，並進入狀態 66
    BOOL_LIT   偏移，並進入狀態 28
    INT_LIT    偏移，並進入狀態 29
    FLOAT_LIT  偏移，並進入狀態 30
    '('        偏移，並進入狀態 31
    SUB        偏移，並進入狀態 32
    NOT        偏移，並進入狀態 33
    BNT        偏移，並進入狀態 34
    ADD        偏移，並進入狀態 35

    Multiplicative  進入狀態 140
    TypeCast        進入狀態 48
    Unary           進入狀態 49
    Post            進入狀態 50
    Primary         進入狀態 51


狀態 87

   83 Multiplicative: Multiplicative MUL • TypeCast

    IDENT      偏移，並進入狀態 66
    BOOL_LIT   偏移，並進入狀態 28
    INT_LIT    偏移，並進入狀態 29
    FLOAT_LIT  偏移，並進入狀態 30
    '('        偏移，並進入狀態 31
    SUB        偏移，並進入狀態 32
    NOT        偏移，並進入狀態 33
    BNT        偏移，並進入狀態 34
    ADD        偏移，並進入狀態 35

    TypeCast  進入狀態 141
    Unary     進入狀態 49
    Post      進入狀態 50
    Primary   進入狀態 51


狀態 88

   84 Multiplicative: Multiplicative DIV • TypeCast

    IDENT      偏移，並進入狀態 66
    BOOL_LIT   偏移，並進入狀態 28
    INT_LIT    偏移，並進入狀態 29
    FLOAT_LIT  偏移，並進入狀態 30
    '('        偏移，並進入狀態 31
    SUB        偏移，並進入狀態 32
    NOT        偏移，並進入狀態 33
    BNT        偏移，並進入狀態 34
    ADD        偏移，並進入狀態 35

    TypeCast  進入狀態 142
    Unary     進入狀態 49
    Post      進入狀態 50
    Primary   進入狀態 51


狀態 89

   85 Multiplicative: Multiplicative REM • TypeCast

    IDENT      偏移，並進入狀態 66
    BOOL_LIT   偏移，並進入狀態 28
    INT_LIT    偏移，並進入狀態 29
    FLOAT_LIT  偏移，並進入狀態 30
    '('        偏移，並進入狀態 31
    SUB        偏移，並進入狀態 32
    NOT        偏移，並進入狀態 33
    BNT        偏移，並進入狀態 34
    ADD        偏移，並進入狀態 35

    TypeCast  進入狀態 143
    Unary     進入狀態 49
    Post      進入狀態 50
    Primary   進入狀態 51


狀態 90

   94 Post: Primary INC_ASSIGN •

    $default  使用規則 94 以縮減 (Post)


狀態 91

   95 Post: Primary DEC_ASSIGN •

    $default  使用規則 95 以縮減 (Post)


狀態 92

   22 CompoundStmt: '{' GlobalStmtList '}' •

    $default  使用規則 22 以縮減 (CompoundStmt)


狀態 93

   48 Declarator: IDENT VAL_ASSIGN • Assignable

    IDENT      偏移，並進入狀態 27
    BOOL_LIT   偏移，並進入狀態 28
    INT_LIT    偏移，並進入狀態 29
    FLOAT_LIT  偏移，並進入狀態 30
    STR_LIT    偏移，並進入狀態 108
    '('        偏移，並進入狀態 31
    SUB        偏移，並進入狀態 32
    NOT        偏移，並進入狀態 33
    BNT        偏移，並進入狀態 34
    ADD        偏移，並進入狀態 35

    AssignBody      進入狀態 36
    Assignable      進入狀態 144
    Expression      進入狀態 111
    Or              進入狀態 38
    And             進入狀態 39
    BitwiseOr       進入狀態 40
    BitwiseXor      進入狀態 41
    BitwiseAnd      進入狀態 42
    Equality        進入狀態 43
    Relational      進入狀態 44
    Shift           進入狀態 45
    Additive        進入狀態 46
    Multiplicative  進入狀態 47
    TypeCast        進入狀態 48
    Unary           進入狀態 49
    Post            進入狀態 50
    Primary         進入狀態 51


狀態 94

  103 FunctionDefStmt: VARIABLE_T IDENT $@9 • '(' $@10 FunctionParameterStmtList ')' '{' GlobalStmtList '}'

    '('  偏移，並進入狀態 145


狀態 95

   44 DefineVariableStmt: VARIABLE_T DeclaratorList ';' •

    $default  使用規則 44 以縮減 (DefineVariableStmt)


狀態 96

   46 DeclaratorList: DeclaratorList ',' • Declarator

    IDENT  偏移，並進入狀態 146

    Declarator  進入狀態 147


狀態 97

   31 Assign: VAL_ASSIGN • Assign

    VAL_ASSIGN  偏移，並進入狀態 97
    ADD_ASSIGN  偏移，並進入狀態 98
    SUB_ASSIGN  偏移，並進入狀態 99
    MUL_ASSIGN  偏移，並進入狀態 100
    DIV_ASSIGN  偏移，並進入狀態 101
    REM_ASSIGN  偏移，並進入狀態 102
    BAN_ASSIGN  偏移，並進入狀態 103
    BOR_ASSIGN  偏移，並進入狀態 104
    BXO_ASSIGN  偏移，並進入狀態 105
    SHR_ASSIGN  偏移，並進入狀態 106
    SHL_ASSIGN  偏移，並進入狀態 107
    IDENT       偏移，並進入狀態 27
    BOOL_LIT    偏移，並進入狀態 28
    INT_LIT     偏移，並進入狀態 29
    FLOAT_LIT   偏移，並進入狀態 30
    STR_LIT     偏移，並進入狀態 108
    '('         偏移，並進入狀態 31
    SUB         偏移，並進入狀態 32
    NOT         偏移，並進入狀態 33
    BNT         偏移，並進入狀態 34
    ADD         偏移，並進入狀態 35

    AssignBody      進入狀態 36
    Assign          進入狀態 148
    Assignable      進入狀態 110
    Expression      進入狀態 111
    Or              進入狀態 38
    And             進入狀態 39
    BitwiseOr       進入狀態 40
    BitwiseXor      進入狀態 41
    BitwiseAnd      進入狀態 42
    Equality        進入狀態 43
    Relational      進入狀態 44
    Shift           進入狀態 45
    Additive        進入狀態 46
    Multiplicative  進入狀態 47
    TypeCast        進入狀態 48
    Unary           進入狀態 49
    Post            進入狀態 50
    Primary         進入狀態 51


狀態 98

   32 Assign: ADD_ASSIGN • Assign

    VAL_ASSIGN  偏移，並進入狀態 97
    ADD_ASSIGN  偏移，並進入狀態 98
    SUB_ASSIGN  偏移，並進入狀態 99
    MUL_ASSIGN  偏移，並進入狀態 100
    DIV_ASSIGN  偏移，並進入狀態 101
    REM_ASSIGN  偏移，並進入狀態 102
    BAN_ASSIGN  偏移，並進入狀態 103
    BOR_ASSIGN  偏移，並進入狀態 104
    BXO_ASSIGN  偏移，並進入狀態 105
    SHR_ASSIGN  偏移，並進入狀態 106
    SHL_ASSIGN  偏移，並進入狀態 107
    IDENT       偏移，並進入狀態 27
    BOOL_LIT    偏移，並進入狀態 28
    INT_LIT     偏移，並進入狀態 29
    FLOAT_LIT   偏移，並進入狀態 30
    STR_LIT     偏移，並進入狀態 108
    '('         偏移，並進入狀態 31
    SUB         偏移，並進入狀態 32
    NOT         偏移，並進入狀態 33
    BNT         偏移，並進入狀態 34
    ADD         偏移，並進入狀態 35

    AssignBody      進入狀態 36
    Assign          進入狀態 149
    Assignable      進入狀態 110
    Expression      進入狀態 111
    Or              進入狀態 38
    And             進入狀態 39
    BitwiseOr       進入狀態 40
    BitwiseXor      進入狀態 41
    BitwiseAnd      進入狀態 42
    Equality        進入狀態 43
    Relational      進入狀態 44
    Shift           進入狀態 45
    Additive        進入狀態 46
    Multiplicative  進入狀態 47
    TypeCast        進入狀態 48
    Unary           進入狀態 49
    Post            進入狀態 50
    Primary         進入狀態 51


狀態 99

   33 Assign: SUB_ASSIGN • Assign

    VAL_ASSIGN  偏移，並進入狀態 97
    ADD_ASSIGN  偏移，並進入狀態 98
    SUB_ASSIGN  偏移，並進入狀態 99
    MUL_ASSIGN  偏移，並進入狀態 100
    DIV_ASSIGN  偏移，並進入狀態 101
    REM_ASSIGN  偏移，並進入狀態 102
    BAN_ASSIGN  偏移，並進入狀態 103
    BOR_ASSIGN  偏移，並進入狀態 104
    BXO_ASSIGN  偏移，並進入狀態 105
    SHR_ASSIGN  偏移，並進入狀態 106
    SHL_ASSIGN  偏移，並進入狀態 107
    IDENT       偏移，並進入狀態 27
    BOOL_LIT    偏移，並進入狀態 28
    INT_LIT     偏移，並進入狀態 29
    FLOAT_LIT   偏移，並進入狀態 30
    STR_LIT     偏移，並進入狀態 108
    '('         偏移，並進入狀態 31
    SUB         偏移，並進入狀態 32
    NOT         偏移，並進入狀態 33
    BNT         偏移，並進入狀態 34
    ADD         偏移，並進入狀態 35

    AssignBody      進入狀態 36
    Assign          進入狀態 150
    Assignable      進入狀態 110
    Expression      進入狀態 111
    Or              進入狀態 38
    And             進入狀態 39
    BitwiseOr       進入狀態 40
    BitwiseXor      進入狀態 41
    BitwiseAnd      進入狀態 42
    Equality        進入狀態 43
    Relational      進入狀態 44
    Shift           進入狀態 45
    Additive        進入狀態 46
    Multiplicative  進入狀態 47
    TypeCast        進入狀態 48
    Unary           進入狀態 49
    Post            進入狀態 50
    Primary         進入狀態 51


狀態 100

   34 Assign: MUL_ASSIGN • Assign

    VAL_ASSIGN  偏移，並進入狀態 97
    ADD_ASSIGN  偏移，並進入狀態 98
    SUB_ASSIGN  偏移，並進入狀態 99
    MUL_ASSIGN  偏移，並進入狀態 100
    DIV_ASSIGN  偏移，並進入狀態 101
    REM_ASSIGN  偏移，並進入狀態 102
    BAN_ASSIGN  偏移，並進入狀態 103
    BOR_ASSIGN  偏移，並進入狀態 104
    BXO_ASSIGN  偏移，並進入狀態 105
    SHR_ASSIGN  偏移，並進入狀態 106
    SHL_ASSIGN  偏移，並進入狀態 107
    IDENT       偏移，並進入狀態 27
    BOOL_LIT    偏移，並進入狀態 28
    INT_LIT     偏移，並進入狀態 29
    FLOAT_LIT   偏移，並進入狀態 30
    STR_LIT     偏移，並進入狀態 108
    '('         偏移，並進入狀態 31
    SUB         偏移，並進入狀態 32
    NOT         偏移，並進入狀態 33
    BNT         偏移，並進入狀態 34
    ADD         偏移，並進入狀態 35

    AssignBody      進入狀態 36
    Assign          進入狀態 151
    Assignable      進入狀態 110
    Expression      進入狀態 111
    Or              進入狀態 38
    And             進入狀態 39
    BitwiseOr       進入狀態 40
    BitwiseXor      進入狀態 41
    BitwiseAnd      進入狀態 42
    Equality        進入狀態 43
    Relational      進入狀態 44
    Shift           進入狀態 45
    Additive        進入狀態 46
    Multiplicative  進入狀態 47
    TypeCast        進入狀態 48
    Unary           進入狀態 49
    Post            進入狀態 50
    Primary         進入狀態 51


狀態 101

   35 Assign: DIV_ASSIGN • Assign

    VAL_ASSIGN  偏移，並進入狀態 97
    ADD_ASSIGN  偏移，並進入狀態 98
    SUB_ASSIGN  偏移，並進入狀態 99
    MUL_ASSIGN  偏移，並進入狀態 100
    DIV_ASSIGN  偏移，並進入狀態 101
    REM_ASSIGN  偏移，並進入狀態 102
    BAN_ASSIGN  偏移，並進入狀態 103
    BOR_ASSIGN  偏移，並進入狀態 104
    BXO_ASSIGN  偏移，並進入狀態 105
    SHR_ASSIGN  偏移，並進入狀態 106
    SHL_ASSIGN  偏移，並進入狀態 107
    IDENT       偏移，並進入狀態 27
    BOOL_LIT    偏移，並進入狀態 28
    INT_LIT     偏移，並進入狀態 29
    FLOAT_LIT   偏移，並進入狀態 30
    STR_LIT     偏移，並進入狀態 108
    '('         偏移，並進入狀態 31
    SUB         偏移，並進入狀態 32
    NOT         偏移，並進入狀態 33
    BNT         偏移，並進入狀態 34
    ADD         偏移，並進入狀態 35

    AssignBody      進入狀態 36
    Assign          進入狀態 152
    Assignable      進入狀態 110
    Expression      進入狀態 111
    Or              進入狀態 38
    And             進入狀態 39
    BitwiseOr       進入狀態 40
    BitwiseXor      進入狀態 41
    BitwiseAnd      進入狀態 42
    Equality        進入狀態 43
    Relational      進入狀態 44
    Shift           進入狀態 45
    Additive        進入狀態 46
    Multiplicative  進入狀態 47
    TypeCast        進入狀態 48
    Unary           進入狀態 49
    Post            進入狀態 50
    Primary         進入狀態 51


狀態 102

   36 Assign: REM_ASSIGN • Assign

    VAL_ASSIGN  偏移，並進入狀態 97
    ADD_ASSIGN  偏移，並進入狀態 98
    SUB_ASSIGN  偏移，並進入狀態 99
    MUL_ASSIGN  偏移，並進入狀態 100
    DIV_ASSIGN  偏移，並進入狀態 101
    REM_ASSIGN  偏移，並進入狀態 102
    BAN_ASSIGN  偏移，並進入狀態 103
    BOR_ASSIGN  偏移，並進入狀態 104
    BXO_ASSIGN  偏移，並進入狀態 105
    SHR_ASSIGN  偏移，並進入狀態 106
    SHL_ASSIGN  偏移，並進入狀態 107
    IDENT       偏移，並進入狀態 27
    BOOL_LIT    偏移，並進入狀態 28
    INT_LIT     偏移，並進入狀態 29
    FLOAT_LIT   偏移，並進入狀態 30
    STR_LIT     偏移，並進入狀態 108
    '('         偏移，並進入狀態 31
    SUB         偏移，並進入狀態 32
    NOT         偏移，並進入狀態 33
    BNT         偏移，並進入狀態 34
    ADD         偏移，並進入狀態 35

    AssignBody      進入狀態 36
    Assign          進入狀態 153
    Assignable      進入狀態 110
    Expression      進入狀態 111
    Or              進入狀態 38
    And             進入狀態 39
    BitwiseOr       進入狀態 40
    BitwiseXor      進入狀態 41
    BitwiseAnd      進入狀態 42
    Equality        進入狀態 43
    Relational      進入狀態 44
    Shift           進入狀態 45
    Additive        進入狀態 46
    Multiplicative  進入狀態 47
    TypeCast        進入狀態 48
    Unary           進入狀態 49
    Post            進入狀態 50
    Primary         進入狀態 51


狀態 103

   37 Assign: BAN_ASSIGN • Assign

    VAL_ASSIGN  偏移，並進入狀態 97
    ADD_ASSIGN  偏移，並進入狀態 98
    SUB_ASSIGN  偏移，並進入狀態 99
    MUL_ASSIGN  偏移，並進入狀態 100
    DIV_ASSIGN  偏移，並進入狀態 101
    REM_ASSIGN  偏移，並進入狀態 102
    BAN_ASSIGN  偏移，並進入狀態 103
    BOR_ASSIGN  偏移，並進入狀態 104
    BXO_ASSIGN  偏移，並進入狀態 105
    SHR_ASSIGN  偏移，並進入狀態 106
    SHL_ASSIGN  偏移，並進入狀態 107
    IDENT       偏移，並進入狀態 27
    BOOL_LIT    偏移，並進入狀態 28
    INT_LIT     偏移，並進入狀態 29
    FLOAT_LIT   偏移，並進入狀態 30
    STR_LIT     偏移，並進入狀態 108
    '('         偏移，並進入狀態 31
    SUB         偏移，並進入狀態 32
    NOT         偏移，並進入狀態 33
    BNT         偏移，並進入狀態 34
    ADD         偏移，並進入狀態 35

    AssignBody      進入狀態 36
    Assign          進入狀態 154
    Assignable      進入狀態 110
    Expression      進入狀態 111
    Or              進入狀態 38
    And             進入狀態 39
    BitwiseOr       進入狀態 40
    BitwiseXor      進入狀態 41
    BitwiseAnd      進入狀態 42
    Equality        進入狀態 43
    Relational      進入狀態 44
    Shift           進入狀態 45
    Additive        進入狀態 46
    Multiplicative  進入狀態 47
    TypeCast        進入狀態 48
    Unary           進入狀態 49
    Post            進入狀態 50
    Primary         進入狀態 51


狀態 104

   38 Assign: BOR_ASSIGN • Assign

    VAL_ASSIGN  偏移，並進入狀態 97
    ADD_ASSIGN  偏移，並進入狀態 98
    SUB_ASSIGN  偏移，並進入狀態 99
    MUL_ASSIGN  偏移，並進入狀態 100
    DIV_ASSIGN  偏移，並進入狀態 101
    REM_ASSIGN  偏移，並進入狀態 102
    BAN_ASSIGN  偏移，並進入狀態 103
    BOR_ASSIGN  偏移，並進入狀態 104
    BXO_ASSIGN  偏移，並進入狀態 105
    SHR_ASSIGN  偏移，並進入狀態 106
    SHL_ASSIGN  偏移，並進入狀態 107
    IDENT       偏移，並進入狀態 27
    BOOL_LIT    偏移，並進入狀態 28
    INT_LIT     偏移，並進入狀態 29
    FLOAT_LIT   偏移，並進入狀態 30
    STR_LIT     偏移，並進入狀態 108
    '('         偏移，並進入狀態 31
    SUB         偏移，並進入狀態 32
    NOT         偏移，並進入狀態 33
    BNT         偏移，並進入狀態 34
    ADD         偏移，並進入狀態 35

    AssignBody      進入狀態 36
    Assign          進入狀態 155
    Assignable      進入狀態 110
    Expression      進入狀態 111
    Or              進入狀態 38
    And             進入狀態 39
    BitwiseOr       進入狀態 40
    BitwiseXor      進入狀態 41
    BitwiseAnd      進入狀態 42
    Equality        進入狀態 43
    Relational      進入狀態 44
    Shift           進入狀態 45
    Additive        進入狀態 46
    Multiplicative  進入狀態 47
    TypeCast        進入狀態 48
    Unary           進入狀態 49
    Post            進入狀態 50
    Primary         進入狀態 51


狀態 105

   39 Assign: BXO_ASSIGN • Assign

    VAL_ASSIGN  偏移，並進入狀態 97
    ADD_ASSIGN  偏移，並進入狀態 98
    SUB_ASSIGN  偏移，並進入狀態 99
    MUL_ASSIGN  偏移，並進入狀態 100
    DIV_ASSIGN  偏移，並進入狀態 101
    REM_ASSIGN  偏移，並進入狀態 102
    BAN_ASSIGN  偏移，並進入狀態 103
    BOR_ASSIGN  偏移，並進入狀態 104
    BXO_ASSIGN  偏移，並進入狀態 105
    SHR_ASSIGN  偏移，並進入狀態 106
    SHL_ASSIGN  偏移，並進入狀態 107
    IDENT       偏移，並進入狀態 27
    BOOL_LIT    偏移，並進入狀態 28
    INT_LIT     偏移，並進入狀態 29
    FLOAT_LIT   偏移，並進入狀態 30
    STR_LIT     偏移，並進入狀態 108
    '('         偏移，並進入狀態 31
    SUB         偏移，並進入狀態 32
    NOT         偏移，並進入狀態 33
    BNT         偏移，並進入狀態 34
    ADD         偏移，並進入狀態 35

    AssignBody      進入狀態 36
    Assign          進入狀態 156
    Assignable      進入狀態 110
    Expression      進入狀態 111
    Or              進入狀態 38
    And             進入狀態 39
    BitwiseOr       進入狀態 40
    BitwiseXor      進入狀態 41
    BitwiseAnd      進入狀態 42
    Equality        進入狀態 43
    Relational      進入狀態 44
    Shift           進入狀態 45
    Additive        進入狀態 46
    Multiplicative  進入狀態 47
    TypeCast        進入狀態 48
    Unary           進入狀態 49
    Post            進入狀態 50
    Primary         進入狀態 51


狀態 106

   40 Assign: SHR_ASSIGN • Assign

    VAL_ASSIGN  偏移，並進入狀態 97
    ADD_ASSIGN  偏移，並進入狀態 98
    SUB_ASSIGN  偏移，並進入狀態 99
    MUL_ASSIGN  偏移，並進入狀態 100
    DIV_ASSIGN  偏移，並進入狀態 101
    REM_ASSIGN  偏移，並進入狀態 102
    BAN_ASSIGN  偏移，並進入狀態 103
    BOR_ASSIGN  偏移，並進入狀態 104
    BXO_ASSIGN  偏移，並進入狀態 105
    SHR_ASSIGN  偏移，並進入狀態 106
    SHL_ASSIGN  偏移，並進入狀態 107
    IDENT       偏移，並進入狀態 27
    BOOL_LIT    偏移，並進入狀態 28
    INT_LIT     偏移，並進入狀態 29
    FLOAT_LIT   偏移，並進入狀態 30
    STR_LIT     偏移，並進入狀態 108
    '('         偏移，並進入狀態 31
    SUB         偏移，並進入狀態 32
    NOT         偏移，並進入狀態 33
    BNT         偏移，並進入狀態 34
    ADD         偏移，並進入狀態 35

    AssignBody      進入狀態 36
    Assign          進入狀態 157
    Assignable      進入狀態 110
    Expression      進入狀態 111
    Or              進入狀態 38
    And             進入狀態 39
    BitwiseOr       進入狀態 40
    BitwiseXor      進入狀態 41
    BitwiseAnd      進入狀態 42
    Equality        進入狀態 43
    Relational      進入狀態 44
    Shift           進入狀態 45
    Additive        進入狀態 46
    Multiplicative  進入狀態 47
    TypeCast        進入狀態 48
    Unary           進入狀態 49
    Post            進入狀態 50
    Primary         進入狀態 51


狀態 107

   41 Assign: SHL_ASSIGN • Assign

    VAL_ASSIGN  偏移，並進入狀態 97
    ADD_ASSIGN  偏移，並進入狀態 98
    SUB_ASSIGN  偏移，並進入狀態 99
    MUL_ASSIGN  偏移，並進入狀態 100
    DIV_ASSIGN  偏移，並進入狀態 101
    REM_ASSIGN  偏移，並進入狀態 102
    BAN_ASSIGN  偏移，並進入狀態 103
    BOR_ASSIGN  偏移，並進入狀態 104
    BXO_ASSIGN  偏移，並進入狀態 105
    SHR_ASSIGN  偏移，並進入狀態 106
    SHL_ASSIGN  偏移，並進入狀態 107
    IDENT       偏移，並進入狀態 27
    BOOL_LIT    偏移，並進入狀態 28
    INT_LIT     偏移，並進入狀態 29
    FLOAT_LIT   偏移，並進入狀態 30
    STR_LIT     偏移，並進入狀態 108
    '('         偏移，並進入狀態 31
    SUB         偏移，並進入狀態 32
    NOT         偏移，並進入狀態 33
    BNT         偏移，並進入狀態 34
    ADD         偏移，並進入狀態 35

    AssignBody      進入狀態 36
    Assign          進入狀態 158
    Assignable      進入狀態 110
    Expression      進入狀態 111
    Or              進入狀態 38
    And             進入狀態 39
    BitwiseOr       進入狀態 40
    BitwiseXor      進入狀態 41
    BitwiseAnd      進入狀態 42
    Equality        進入狀態 43
    Relational      進入狀態 44
    Shift           進入狀態 45
    Additive        進入狀態 46
    Multiplicative  進入狀態 47
    TypeCast        進入狀態 48
    Unary           進入狀態 49
    Post            進入狀態 50
    Primary         進入狀態 51


狀態 108

   42 Assignable: STR_LIT •

    $default  使用規則 42 以縮減 (Assignable)


狀態 109

   29 AssignBody: IDENT $@7 Assign •

    $default  使用規則 29 以縮減 (AssignBody)


狀態 110

   30 Assign: Assignable •

    $default  使用規則 30 以縮減 (Assign)


狀態 111

   43 Assignable: Expression •

    $default  使用規則 43 以縮減 (Assignable)


狀態 112

   26 SelectionStmt: SelectionStmt ELSE $@6 • GlobalStmt

    COUT        偏移，並進入狀態 4
    IF          偏移，並進入狀態 5
    FOR         偏移，並進入狀態 6
    WHILE       偏移，並進入狀態 7
    RETURN      偏移，並進入狀態 8
    '{'         偏移，並進入狀態 9
    VARIABLE_T  偏移，並進入狀態 10
    IDENT       偏移，並進入狀態 11

    COUT        [使用規則 13 以縮減 (GlobalStmt)]
    IF          [使用規則 13 以縮減 (GlobalStmt)]
    FOR         [使用規則 13 以縮減 (GlobalStmt)]
    WHILE       [使用規則 13 以縮減 (GlobalStmt)]
    RETURN      [使用規則 13 以縮減 (GlobalStmt)]
    '{'         [使用規則 13 以縮減 (GlobalStmt)]
    VARIABLE_T  [使用規則 13 以縮減 (GlobalStmt)]
    IDENT       [使用規則 13 以縮減 (GlobalStmt)]
    $default    使用規則 13 以縮減 (GlobalStmt)

    GlobalStmt          進入狀態 159
    IterationStmt       進入狀態 14
    CompoundStmt        進入狀態 15
    SelectionStmt       進入狀態 16
    AssignStmt          進入狀態 17
    AssignBody          進入狀態 18
    DefineVariableStmt  進入狀態 19
    ReturnStmt          進入狀態 20
    CoutStmt            進入狀態 21
    FunctionDefStmt     進入狀態 22


狀態 113

   55 Printable: ENDL •

    $default  使用規則 55 以縮減 (Printable)


狀態 114

   54 Printable: STR_LIT •

    $default  使用規則 54 以縮減 (Printable)


狀態 115

   51 CoutStmt: COUT $@8 SHL PrintableList • ';'
   53 PrintableList: PrintableList • SHL Printable

    SHL  偏移，並進入狀態 160
    ';'  偏移，並進入狀態 161


狀態 116

   52 PrintableList: Printable •

    $default  使用規則 52 以縮減 (PrintableList)


狀態 117

   56 Printable: Expression •

    $default  使用規則 56 以縮減 (Printable)


狀態 118

   24 SelectionStmt: IF '(' Expression ')' • $@5 GlobalStmt

    $default  使用規則 23 以縮減 ($@5)

    $@5  進入狀態 162


狀態 119

   21 ExpressionStmt: ';' •

    $default  使用規則 21 以縮減 (ExpressionStmt)


狀態 120

   44 DefineVariableStmt: VARIABLE_T • DeclaratorList ';'

    IDENT  偏移，並進入狀態 146

    DeclaratorList  進入狀態 54
    Declarator      進入狀態 55


狀態 121

   18 IterationStmt: FOR $@4 '(' ExpressionStmt • ExpressionStmt Expression ')' GlobalStmt

    ';'         偏移，並進入狀態 119
    VARIABLE_T  偏移，並進入狀態 120
    IDENT       偏移，並進入狀態 27
    BOOL_LIT    偏移，並進入狀態 28
    INT_LIT     偏移，並進入狀態 29
    FLOAT_LIT   偏移，並進入狀態 30
    '('         偏移，並進入狀態 31
    SUB         偏移，並進入狀態 32
    NOT         偏移，並進入狀態 33
    BNT         偏移，並進入狀態 34
    ADD         偏移，並進入狀態 35

    ExpressionStmt      進入狀態 163
    AssignBody          進入狀態 36
    DefineVariableStmt  進入狀態 122
    Expression          進入狀態 123
    Or                  進入狀態 38
    And                 進入狀態 39
    BitwiseOr           進入狀態 40
    BitwiseXor          進入狀態 41
    BitwiseAnd          進入狀態 42
    Equality            進入狀態 43
    Relational          進入狀態 44
    Shift               進入狀態 45
    Additive            進入狀態 46
    Multiplicative      進入狀態 47
    TypeCast            進入狀態 48
    Unary               進入狀態 49
    Post                進入狀態 50
    Primary             進入狀態 51


狀態 122

   20 ExpressionStmt: DefineVariableStmt •

    $default  使用規則 20 以縮減 (ExpressionStmt)


狀態 123

   19 ExpressionStmt: Expression • ';'

    ';'  偏移，並進入狀態 164


狀態 124

   16 IterationStmt: WHILE $@2 '(' Expression • ')' $@3 GlobalStmt

    ')'  偏移，並進入狀態 165


狀態 125

   87 TypeCast: '(' VARIABLE_T ')' • Unary

    IDENT      偏移，並進入狀態 66
    BOOL_LIT   偏移，並進入狀態 28
    INT_LIT    偏移，並進入狀態 29
    FLOAT_LIT  偏移，並進入狀態 30
    '('        偏移，並進入狀態 67
    SUB        偏移，並進入狀態 32
    NOT        偏移，並進入狀態 33
    BNT        偏移，並進入狀態 34
    ADD        偏移，並進入狀態 35

    Unary    進入狀態 166
    Post     進入狀態 50
    Primary  進入狀態 51


狀態 126

   98 Primary: '(' Expression ')' •

    $default  使用規則 98 以縮減 (Primary)


狀態 127

   60 Or: Or LOR And •
   62 And: And • LAN BitwiseOr

    LAN  偏移，並進入狀態 74

    $default  使用規則 60 以縮減 (Or)


狀態 128

   62 And: And LAN BitwiseOr •
   64 BitwiseOr: BitwiseOr • BOR BitwiseXor

    BOR  偏移，並進入狀態 75

    $default  使用規則 62 以縮減 (And)


狀態 129

   64 BitwiseOr: BitwiseOr BOR BitwiseXor •
   66 BitwiseXor: BitwiseXor • BXO BitwiseAnd

    BXO  偏移，並進入狀態 76

    $default  使用規則 64 以縮減 (BitwiseOr)


狀態 130

   66 BitwiseXor: BitwiseXor BXO BitwiseAnd •
   68 BitwiseAnd: BitwiseAnd • BAN Equality

    BAN  偏移，並進入狀態 77

    $default  使用規則 66 以縮減 (BitwiseXor)


狀態 131

   68 BitwiseAnd: BitwiseAnd BAN Equality •
   70 Equality: Equality • EQL Relational
   71         | Equality • NEQ Relational

    EQL  偏移，並進入狀態 78
    NEQ  偏移，並進入狀態 79

    $default  使用規則 68 以縮減 (BitwiseAnd)


狀態 132

   70 Equality: Equality EQL Relational •
   73 Relational: Relational • LES Shift
   74           | Relational • GTR Shift
   75           | Relational • LEQ Shift
   76           | Relational • GEQ Shift

    GTR  偏移，並進入狀態 80
    LES  偏移，並進入狀態 81
    GEQ  偏移，並進入狀態 82
    LEQ  偏移，並進入狀態 83

    $default  使用規則 70 以縮減 (Equality)


狀態 133

   71 Equality: Equality NEQ Relational •
   73 Relational: Relational • LES Shift
   74           | Relational • GTR Shift
   75           | Relational • LEQ Shift
   76           | Relational • GEQ Shift

    GTR  偏移，並進入狀態 80
    LES  偏移，並進入狀態 81
    GEQ  偏移，並進入狀態 82
    LEQ  偏移，並進入狀態 83

    $default  使用規則 71 以縮減 (Equality)


狀態 134

   74 Relational: Relational GTR Shift •
   78 Shift: Shift • SHR Additive

    SHR  偏移，並進入狀態 84

    $default  使用規則 74 以縮減 (Relational)


狀態 135

   73 Relational: Relational LES Shift •
   78 Shift: Shift • SHR Additive

    SHR  偏移，並進入狀態 84

    $default  使用規則 73 以縮減 (Relational)


狀態 136

   76 Relational: Relational GEQ Shift •
   78 Shift: Shift • SHR Additive

    SHR  偏移，並進入狀態 84

    $default  使用規則 76 以縮減 (Relational)


狀態 137

   75 Relational: Relational LEQ Shift •
   78 Shift: Shift • SHR Additive

    SHR  偏移，並進入狀態 84

    $default  使用規則 75 以縮減 (Relational)


狀態 138

   78 Shift: Shift SHR Additive •
   80 Additive: Additive • ADD Multiplicative
   81         | Additive • SUB Multiplicative

    SUB  偏移，並進入狀態 85
    ADD  偏移，並進入狀態 86

    $default  使用規則 78 以縮減 (Shift)


狀態 139

   81 Additive: Additive SUB Multiplicative •
   83 Multiplicative: Multiplicative • MUL TypeCast
   84               | Multiplicative • DIV TypeCast
   85               | Multiplicative • REM TypeCast

    MUL  偏移，並進入狀態 87
    DIV  偏移，並進入狀態 88
    REM  偏移，並進入狀態 89

    $default  使用規則 81 以縮減 (Additive)


狀態 140

   80 Additive: Additive ADD Multiplicative •
   83 Multiplicative: Multiplicative • MUL TypeCast
   84               | Multiplicative • DIV TypeCast
   85               | Multiplicative • REM TypeCast

    MUL  偏移，並進入狀態 87
    DIV  偏移，並進入狀態 88
    REM  偏移，並進入狀態 89

    $default  使用規則 80 以縮減 (Additive)


狀態 141

   83 Multiplicative: Multiplicative MUL TypeCast •

    $default  使用規則 83 以縮減 (Multiplicative)


狀態 142

   84 Multiplicative: Multiplicative DIV TypeCast •

    $default  使用規則 84 以縮減 (Multiplicative)


狀態 143

   85 Multiplicative: Multiplicative REM TypeCast •

    $default  使用規則 85 以縮減 (Multiplicative)


狀態 144

   48 Declarator: IDENT VAL_ASSIGN Assignable •

    $default  使用規則 48 以縮減 (Declarator)


狀態 145

  103 FunctionDefStmt: VARIABLE_T IDENT $@9 '(' • $@10 FunctionParameterStmtList ')' '{' GlobalStmtList '}'

    $default  使用規則 102 以縮減 ($@10)

    $@10  進入狀態 167


狀態 146

   47 Declarator: IDENT •
   48           | IDENT • VAL_ASSIGN Assignable

    VAL_ASSIGN  偏移，並進入狀態 93

    $default  使用規則 47 以縮減 (Declarator)


狀態 147

   46 DeclaratorList: DeclaratorList ',' Declarator •

    $default  使用規則 46 以縮減 (DeclaratorList)


狀態 148

   31 Assign: VAL_ASSIGN Assign •

    $default  使用規則 31 以縮減 (Assign)


狀態 149

   32 Assign: ADD_ASSIGN Assign •

    $default  使用規則 32 以縮減 (Assign)


狀態 150

   33 Assign: SUB_ASSIGN Assign •

    $default  使用規則 33 以縮減 (Assign)


狀態 151

   34 Assign: MUL_ASSIGN Assign •

    $default  使用規則 34 以縮減 (Assign)


狀態 152

   35 Assign: DIV_ASSIGN Assign •

    $default  使用規則 35 以縮減 (Assign)


狀態 153

   36 Assign: REM_ASSIGN Assign •

    $default  使用規則 36 以縮減 (Assign)


狀態 154

   37 Assign: BAN_ASSIGN Assign •

    $default  使用規則 37 以縮減 (Assign)


狀態 155

   38 Assign: BOR_ASSIGN Assign •

    $default  使用規則 38 以縮減 (Assign)


狀態 156

   39 Assign: BXO_ASSIGN Assign •

    $default  使用規則 39 以縮減 (Assign)


狀態 157

   40 Assign: SHR_ASSIGN Assign •

    $default  使用規則 40 以縮減 (Assign)


狀態 158

   41 Assign: SHL_ASSIGN Assign •

    $default  使用規則 41 以縮減 (Assign)


狀態 159

   26 SelectionStmt: SelectionStmt ELSE $@6 GlobalStmt •

    $default  使用規則 26 以縮減 (SelectionStmt)


狀態 160

   53 PrintableList: PrintableList SHL • Printable

    ENDL       偏移，並進入狀態 113
    IDENT      偏移，並進入狀態 27
    BOOL_LIT   偏移，並進入狀態 28
    INT_LIT    偏移，並進入狀態 29
    FLOAT_LIT  偏移，並進入狀態 30
    STR_LIT    偏移，並進入狀態 114
    '('        偏移，並進入狀態 31
    SUB        偏移，並進入狀態 32
    NOT        偏移，並進入狀態 33
    BNT        偏移，並進入狀態 34
    ADD        偏移，並進入狀態 35

    AssignBody      進入狀態 36
    Printable       進入狀態 168
    Expression      進入狀態 117
    Or              進入狀態 38
    And             進入狀態 39
    BitwiseOr       進入狀態 40
    BitwiseXor      進入狀態 41
    BitwiseAnd      進入狀態 42
    Equality        進入狀態 43
    Relational      進入狀態 44
    Shift           進入狀態 45
    Additive        進入狀態 46
    Multiplicative  進入狀態 47
    TypeCast        進入狀態 48
    Unary           進入狀態 49
    Post            進入狀態 50
    Primary         進入狀態 51


狀態 161

   51 CoutStmt: COUT $@8 SHL PrintableList ';' •

    $default  使用規則 51 以縮減 (CoutStmt)


狀態 162

   24 SelectionStmt: IF '(' Expression ')' $@5 • GlobalStmt

    COUT        偏移，並進入狀態 4
    IF          偏移，並進入狀態 5
    FOR         偏移，並進入狀態 6
    WHILE       偏移，並進入狀態 7
    RETURN      偏移，並進入狀態 8
    '{'         偏移，並進入狀態 9
    VARIABLE_T  偏移，並進入狀態 10
    IDENT       偏移，並進入狀態 11

    COUT        [使用規則 13 以縮減 (GlobalStmt)]
    IF          [使用規則 13 以縮減 (GlobalStmt)]
    FOR         [使用規則 13 以縮減 (GlobalStmt)]
    WHILE       [使用規則 13 以縮減 (GlobalStmt)]
    RETURN      [使用規則 13 以縮減 (GlobalStmt)]
    '{'         [使用規則 13 以縮減 (GlobalStmt)]
    VARIABLE_T  [使用規則 13 以縮減 (GlobalStmt)]
    IDENT       [使用規則 13 以縮減 (GlobalStmt)]
    $default    使用規則 13 以縮減 (GlobalStmt)

    GlobalStmt          進入狀態 169
    IterationStmt       進入狀態 14
    CompoundStmt        進入狀態 15
    SelectionStmt       進入狀態 16
    AssignStmt          進入狀態 17
    AssignBody          進入狀態 18
    DefineVariableStmt  進入狀態 19
    ReturnStmt          進入狀態 20
    CoutStmt            進入狀態 21
    FunctionDefStmt     進入狀態 22


狀態 163

   18 IterationStmt: FOR $@4 '(' ExpressionStmt ExpressionStmt • Expression ')' GlobalStmt

    IDENT      偏移，並進入狀態 27
    BOOL_LIT   偏移，並進入狀態 28
    INT_LIT    偏移，並進入狀態 29
    FLOAT_LIT  偏移，並進入狀態 30
    '('        偏移，並進入狀態 31
    SUB        偏移，並進入狀態 32
    NOT        偏移，並進入狀態 33
    BNT        偏移，並進入狀態 34
    ADD        偏移，並進入狀態 35

    AssignBody      進入狀態 36
    Expression      進入狀態 170
    Or              進入狀態 38
    And             進入狀態 39
    BitwiseOr       進入狀態 40
    BitwiseXor      進入狀態 41
    BitwiseAnd      進入狀態 42
    Equality        進入狀態 43
    Relational      進入狀態 44
    Shift           進入狀態 45
    Additive        進入狀態 46
    Multiplicative  進入狀態 47
    TypeCast        進入狀態 48
    Unary           進入狀態 49
    Post            進入狀態 50
    Primary         進入狀態 51


狀態 164

   19 ExpressionStmt: Expression ';' •

    $default  使用規則 19 以縮減 (ExpressionStmt)


狀態 165

   16 IterationStmt: WHILE $@2 '(' Expression ')' • $@3 GlobalStmt

    $default  使用規則 15 以縮減 ($@3)

    $@3  進入狀態 171


狀態 166

   87 TypeCast: '(' VARIABLE_T ')' Unary •

    $default  使用規則 87 以縮減 (TypeCast)


狀態 167

  103 FunctionDefStmt: VARIABLE_T IDENT $@9 '(' $@10 • FunctionParameterStmtList ')' '{' GlobalStmtList '}'

    VARIABLE_T  偏移，並進入狀態 172

    $default  使用規則 106 以縮減 (FunctionParameterStmtList)

    FunctionParameterStmtList  進入狀態 173
    FunctionParameterStmt      進入狀態 174


狀態 168

   53 PrintableList: PrintableList SHL Printable •

    $default  使用規則 53 以縮減 (PrintableList)


狀態 169

   24 SelectionStmt: IF '(' Expression ')' $@5 GlobalStmt •

    $default  使用規則 24 以縮減 (SelectionStmt)


狀態 170

   18 IterationStmt: FOR $@4 '(' ExpressionStmt ExpressionStmt Expression • ')' GlobalStmt

    ')'  偏移，並進入狀態 175


狀態 171

   16 IterationStmt: WHILE $@2 '(' Expression ')' $@3 • GlobalStmt

    COUT        偏移，並進入狀態 4
    IF          偏移，並進入狀態 5
    FOR         偏移，並進入狀態 6
    WHILE       偏移，並進入狀態 7
    RETURN      偏移，並進入狀態 8
    '{'         偏移，並進入狀態 9
    VARIABLE_T  偏移，並進入狀態 10
    IDENT       偏移，並進入狀態 11

    COUT        [使用規則 13 以縮減 (GlobalStmt)]
    IF          [使用規則 13 以縮減 (GlobalStmt)]
    FOR         [使用規則 13 以縮減 (GlobalStmt)]
    WHILE       [使用規則 13 以縮減 (GlobalStmt)]
    RETURN      [使用規則 13 以縮減 (GlobalStmt)]
    '{'         [使用規則 13 以縮減 (GlobalStmt)]
    VARIABLE_T  [使用規則 13 以縮減 (GlobalStmt)]
    IDENT       [使用規則 13 以縮減 (GlobalStmt)]
    $default    使用規則 13 以縮減 (GlobalStmt)

    GlobalStmt          進入狀態 176
    IterationStmt       進入狀態 14
    CompoundStmt        進入狀態 15
    SelectionStmt       進入狀態 16
    AssignStmt          進入狀態 17
    AssignBody          進入狀態 18
    DefineVariableStmt  進入狀態 19
    ReturnStmt          進入狀態 20
    CoutStmt            進入狀態 21
    FunctionDefStmt     進入狀態 22


狀態 172

  108 FunctionParameterStmt: VARIABLE_T • IDENT $@11
  110                      | VARIABLE_T • IDENT $@12 '[' ']'

    IDENT  偏移，並進入狀態 177


狀態 173

  103 FunctionDefStmt: VARIABLE_T IDENT $@9 '(' $@10 FunctionParameterStmtList • ')' '{' GlobalStmtList '}'
  104 FunctionParameterStmtList: FunctionParameterStmtList • ',' FunctionParameterStmt

    ')'  偏移，並進入狀態 178
    ','  偏移，並進入狀態 179


狀態 174

  105 FunctionParameterStmtList: FunctionParameterStmt •

    $default  使用規則 105 以縮減 (FunctionParameterStmtList)


狀態 175

   18 IterationStmt: FOR $@4 '(' ExpressionStmt ExpressionStmt Expression ')' • GlobalStmt

    COUT        偏移，並進入狀態 4
    IF          偏移，並進入狀態 5
    FOR         偏移，並進入狀態 6
    WHILE       偏移，並進入狀態 7
    RETURN      偏移，並進入狀態 8
    '{'         偏移，並進入狀態 9
    VARIABLE_T  偏移，並進入狀態 10
    IDENT       偏移，並進入狀態 11

    COUT        [使用規則 13 以縮減 (GlobalStmt)]
    IF          [使用規則 13 以縮減 (GlobalStmt)]
    FOR         [使用規則 13 以縮減 (GlobalStmt)]
    WHILE       [使用規則 13 以縮減 (GlobalStmt)]
    RETURN      [使用規則 13 以縮減 (GlobalStmt)]
    '{'         [使用規則 13 以縮減 (GlobalStmt)]
    VARIABLE_T  [使用規則 13 以縮減 (GlobalStmt)]
    IDENT       [使用規則 13 以縮減 (GlobalStmt)]
    $default    使用規則 13 以縮減 (GlobalStmt)

    GlobalStmt          進入狀態 180
    IterationStmt       進入狀態 14
    CompoundStmt        進入狀態 15
    SelectionStmt       進入狀態 16
    AssignStmt          進入狀態 17
    AssignBody          進入狀態 18
    DefineVariableStmt  進入狀態 19
    ReturnStmt          進入狀態 20
    CoutStmt            進入狀態 21
    FunctionDefStmt     進入狀態 22


狀態 176

   16 IterationStmt: WHILE $@2 '(' Expression ')' $@3 GlobalStmt •

    $default  使用規則 16 以縮減 (IterationStmt)


狀態 177

  108 FunctionParameterStmt: VARIABLE_T IDENT • $@11
  110                      | VARIABLE_T IDENT • $@12 '[' ']'

    '['       使用規則 109 以縮減 ($@12)
    $default  使用規則 107 以縮減 ($@11)

    $@11  進入狀態 181
    $@12  進入狀態 182


狀態 178

  103 FunctionDefStmt: VARIABLE_T IDENT $@9 '(' $@10 FunctionParameterStmtList ')' • '{' GlobalStmtList '}'

    '{'  偏移，並進入狀態 183


狀態 179

  104 FunctionParameterStmtList: FunctionParameterStmtList ',' • FunctionParameterStmt

    VARIABLE_T  偏移，並進入狀態 172

    FunctionParameterStmt  進入狀態 184


狀態 180

   18 IterationStmt: FOR $@4 '(' ExpressionStmt ExpressionStmt Expression ')' GlobalStmt •

    $default  使用規則 18 以縮減 (IterationStmt)


狀態 181

  108 FunctionParameterStmt: VARIABLE_T IDENT $@11 •

    $default  使用規則 108 以縮減 (FunctionParameterStmt)


狀態 182

  110 FunctionParameterStmt: VARIABLE_T IDENT $@12 • '[' ']'

    '['  偏移，並進入狀態 185


狀態 183

  103 FunctionDefStmt: VARIABLE_T IDENT $@9 '(' $@10 FunctionParameterStmtList ')' '{' • GlobalStmtList '}'

    COUT        偏移，並進入狀態 4
    IF          偏移，並進入狀態 5
    FOR         偏移，並進入狀態 6
    WHILE       偏移，並進入狀態 7
    RETURN      偏移，並進入狀態 8
    '{'         偏移，並進入狀態 9
    VARIABLE_T  偏移，並進入狀態 10
    IDENT       偏移，並進入狀態 11

    COUT        [使用規則 13 以縮減 (GlobalStmt)]
    IF          [使用規則 13 以縮減 (GlobalStmt)]
    FOR         [使用規則 13 以縮減 (GlobalStmt)]
    WHILE       [使用規則 13 以縮減 (GlobalStmt)]
    RETURN      [使用規則 13 以縮減 (GlobalStmt)]
    '{'         [使用規則 13 以縮減 (GlobalStmt)]
    VARIABLE_T  [使用規則 13 以縮減 (GlobalStmt)]
    IDENT       [使用規則 13 以縮減 (GlobalStmt)]
    $default    使用規則 13 以縮減 (GlobalStmt)

    GlobalStmtList      進入狀態 186
    GlobalStmt          進入狀態 13
    IterationStmt       進入狀態 14
    CompoundStmt        進入狀態 15
    SelectionStmt       進入狀態 16
    AssignStmt          進入狀態 17
    AssignBody          進入狀態 18
    DefineVariableStmt  進入狀態 19
    ReturnStmt          進入狀態 20
    CoutStmt            進入狀態 21
    FunctionDefStmt     進入狀態 22


狀態 184

  104 FunctionParameterStmtList: FunctionParameterStmtList ',' FunctionParameterStmt •

    $default  使用規則 104 以縮減 (FunctionParameterStmtList)


狀態 185

  110 FunctionParameterStmt: VARIABLE_T IDENT $@12 '[' • ']'

    ']'  偏移，並進入狀態 187


狀態 186

    3 GlobalStmtList: GlobalStmtList • GlobalStmt
  103 FunctionDefStmt: VARIABLE_T IDENT $@9 '(' $@10 FunctionParameterStmtList ')' '{' GlobalStmtList • '}'

    COUT        偏移，並進入狀態 4
    IF          偏移，並進入狀態 5
    FOR         偏移，並進入狀態 6
    WHILE       偏移，並進入狀態 7
    RETURN      偏移，並進入狀態 8
    '{'         偏移，並進入狀態 9
    '}'         偏移，並進入狀態 188
    VARIABLE_T  偏移，並進入狀態 10
    IDENT       偏移，並進入狀態 11

    COUT        [使用規則 13 以縮減 (GlobalStmt)]
    IF          [使用規則 13 以縮減 (GlobalStmt)]
    FOR         [使用規則 13 以縮減 (GlobalStmt)]
    WHILE       [使用規則 13 以縮減 (GlobalStmt)]
    RETURN      [使用規則 13 以縮減 (GlobalStmt)]
    '{'         [使用規則 13 以縮減 (GlobalStmt)]
    '}'         [使用規則 13 以縮減 (GlobalStmt)]
    VARIABLE_T  [使用規則 13 以縮減 (GlobalStmt)]
    IDENT       [使用規則 13 以縮減 (GlobalStmt)]

    GlobalStmt          進入狀態 57
    IterationStmt       進入狀態 14
    CompoundStmt        進入狀態 15
    SelectionStmt       進入狀態 16
    AssignStmt          進入狀態 17
    AssignBody          進入狀態 18
    DefineVariableStmt  進入狀態 19
    ReturnStmt          進入狀態 20
    CoutStmt            進入狀態 21
    FunctionDefStmt     進入狀態 22


狀態 187

  110 FunctionParameterStmt: VARIABLE_T IDENT $@12 '[' ']' •

    $default  使用規則 110 以縮減 (FunctionParameterStmt)


狀態 188

  103 FunctionDefStmt: VARIABLE_T IDENT $@9 '(' $@10 FunctionParameterStmtList ')' '{' GlobalStmtList '}' •

    $default  使用規則 103 以縮減 (FunctionDefStmt)
